CRITICAL - 2025-07-08 13:43:53 --> Error: Class "Codeigniter\Model" not found
[Method: GET, Route: profile]
in APPPATH\Models\ProfileModel.php on line 5.
 1 VENDORPATH\composer\ClassLoader.php(576): include()
 2 VENDORPATH\composer\ClassLoader.php(427): Composer\Autoload\{closure}('D:\\coding\\web_profil\\vendor\\composer/../../app\\Models\\ProfileModel.php')
 3 APPPATH\Controllers\Profile.php(12): Composer\Autoload\ClassLoader->loadClass('App\\Models\\ProfileModel')
 4 SYSTEMPATH\CodeIgniter.php(903): App\Controllers\Profile->__construct()
 5 SYSTEMPATH\CodeIgniter.php(498): CodeIgniter\CodeIgniter->createController()
 6 SYSTEMPATH\CodeIgniter.php(354): CodeIgniter\CodeIgniter->handleRequest(null, Object(Config\Cache), false)
 7 SYSTEMPATH\Boot.php(334): CodeIgniter\CodeIgniter->run()
 8 SYSTEMPATH\Boot.php(67): CodeIgniter\Boot::runCodeIgniter(Object(CodeIgniter\CodeIgniter))
 9 FCPATH\index.php(59): CodeIgniter\Boot::bootWeb(Object(Config\Paths))
10 SYSTEMPATH\rewrite.php(44): require_once('D:\\coding\\web_profil\\public\\index.php')
CRITICAL - 2025-07-08 13:45:33 --> Error: Class "Codeigniter\Model" not found
[Method: GET, Route: profile]
in APPPATH\Models\ProfileModel.php on line 5.
 1 VENDORPATH\composer\ClassLoader.php(576): include()
 2 VENDORPATH\composer\ClassLoader.php(427): Composer\Autoload\{closure}('D:\\coding\\web_profil\\vendor\\composer/../../app\\Models\\ProfileModel.php')
 3 APPPATH\Controllers\Profile.php(12): Composer\Autoload\ClassLoader->loadClass('App\\Models\\ProfileModel')
 4 SYSTEMPATH\CodeIgniter.php(903): App\Controllers\Profile->__construct()
 5 SYSTEMPATH\CodeIgniter.php(498): CodeIgniter\CodeIgniter->createController()
 6 SYSTEMPATH\CodeIgniter.php(354): CodeIgniter\CodeIgniter->handleRequest(null, Object(Config\Cache), false)
 7 SYSTEMPATH\Boot.php(334): CodeIgniter\CodeIgniter->run()
 8 SYSTEMPATH\Boot.php(67): CodeIgniter\Boot::runCodeIgniter(Object(CodeIgniter\CodeIgniter))
 9 FCPATH\index.php(59): CodeIgniter\Boot::bootWeb(Object(Config\Paths))
10 SYSTEMPATH\rewrite.php(44): require_once('D:\\coding\\web_profil\\public\\index.php')
CRITICAL - 2025-07-08 13:48:59 --> Error: Class "Codeigniter\Model" not found
[Method: GET, Route: profile]
in APPPATH\Models\ProfileModel.php on line 5.
 1 VENDORPATH\composer\ClassLoader.php(576): include()
 2 VENDORPATH\composer\ClassLoader.php(427): Composer\Autoload\{closure}('D:\\coding\\web_profil\\vendor\\composer/../../app\\Models\\ProfileModel.php')
 3 APPPATH\Controllers\Profile.php(12): Composer\Autoload\ClassLoader->loadClass('App\\Models\\ProfileModel')
 4 SYSTEMPATH\CodeIgniter.php(903): App\Controllers\Profile->__construct()
 5 SYSTEMPATH\CodeIgniter.php(498): CodeIgniter\CodeIgniter->createController()
 6 SYSTEMPATH\CodeIgniter.php(354): CodeIgniter\CodeIgniter->handleRequest(null, Object(Config\Cache), false)
 7 SYSTEMPATH\Boot.php(334): CodeIgniter\CodeIgniter->run()
 8 SYSTEMPATH\Boot.php(67): CodeIgniter\Boot::runCodeIgniter(Object(CodeIgniter\CodeIgniter))
 9 FCPATH\index.php(59): CodeIgniter\Boot::bootWeb(Object(Config\Paths))
10 SYSTEMPATH\rewrite.php(44): require_once('D:\\coding\\web_profil\\public\\index.php')
CRITICAL - 2025-07-08 13:49:01 --> Error: Class "Codeigniter\Model" not found
[Method: GET, Route: profile]
in APPPATH\Models\ProfileModel.php on line 5.
 1 VENDORPATH\composer\ClassLoader.php(576): include()
 2 VENDORPATH\composer\ClassLoader.php(427): Composer\Autoload\{closure}('D:\\coding\\web_profil\\vendor\\composer/../../app\\Models\\ProfileModel.php')
 3 APPPATH\Controllers\Profile.php(12): Composer\Autoload\ClassLoader->loadClass('App\\Models\\ProfileModel')
 4 SYSTEMPATH\CodeIgniter.php(903): App\Controllers\Profile->__construct()
 5 SYSTEMPATH\CodeIgniter.php(498): CodeIgniter\CodeIgniter->createController()
 6 SYSTEMPATH\CodeIgniter.php(354): CodeIgniter\CodeIgniter->handleRequest(null, Object(Config\Cache), false)
 7 SYSTEMPATH\Boot.php(334): CodeIgniter\CodeIgniter->run()
 8 SYSTEMPATH\Boot.php(67): CodeIgniter\Boot::runCodeIgniter(Object(CodeIgniter\CodeIgniter))
 9 FCPATH\index.php(59): CodeIgniter\Boot::bootWeb(Object(Config\Paths))
10 SYSTEMPATH\rewrite.php(44): require_once('D:\\coding\\web_profil\\public\\index.php')
CRITICAL - 2025-07-08 13:49:04 --> Error: Class "Codeigniter\Model" not found
[Method: GET, Route: profile]
in APPPATH\Models\ProfileModel.php on line 5.
 1 VENDORPATH\composer\ClassLoader.php(576): include()
 2 VENDORPATH\composer\ClassLoader.php(427): Composer\Autoload\{closure}('D:\\coding\\web_profil\\vendor\\composer/../../app\\Models\\ProfileModel.php')
 3 APPPATH\Controllers\Profile.php(12): Composer\Autoload\ClassLoader->loadClass('App\\Models\\ProfileModel')
 4 SYSTEMPATH\CodeIgniter.php(903): App\Controllers\Profile->__construct()
 5 SYSTEMPATH\CodeIgniter.php(498): CodeIgniter\CodeIgniter->createController()
 6 SYSTEMPATH\CodeIgniter.php(354): CodeIgniter\CodeIgniter->handleRequest(null, Object(Config\Cache), false)
 7 SYSTEMPATH\Boot.php(334): CodeIgniter\CodeIgniter->run()
 8 SYSTEMPATH\Boot.php(67): CodeIgniter\Boot::runCodeIgniter(Object(CodeIgniter\CodeIgniter))
 9 FCPATH\index.php(59): CodeIgniter\Boot::bootWeb(Object(Config\Paths))
10 SYSTEMPATH\rewrite.php(44): require_once('D:\\coding\\web_profil\\public\\index.php')
CRITICAL - 2025-07-08 13:51:31 --> Error: Class "Codeigniter\Model" not found
[Method: GET, Route: profile]
in APPPATH\Models\ProfileModel.php on line 5.
 1 VENDORPATH\composer\ClassLoader.php(576): include()
 2 VENDORPATH\composer\ClassLoader.php(427): Composer\Autoload\{closure}('D:\\coding\\web_profil\\vendor\\composer/../../app\\Models\\ProfileModel.php')
 3 APPPATH\Controllers\Profile.php(12): Composer\Autoload\ClassLoader->loadClass('App\\Models\\ProfileModel')
 4 SYSTEMPATH\CodeIgniter.php(903): App\Controllers\Profile->__construct()
 5 SYSTEMPATH\CodeIgniter.php(498): CodeIgniter\CodeIgniter->createController()
 6 SYSTEMPATH\CodeIgniter.php(354): CodeIgniter\CodeIgniter->handleRequest(null, Object(Config\Cache), false)
 7 SYSTEMPATH\Boot.php(334): CodeIgniter\CodeIgniter->run()
 8 SYSTEMPATH\Boot.php(67): CodeIgniter\Boot::runCodeIgniter(Object(CodeIgniter\CodeIgniter))
 9 FCPATH\index.php(59): CodeIgniter\Boot::bootWeb(Object(Config\Paths))
10 SYSTEMPATH\rewrite.php(44): require_once('D:\\coding\\web_profil\\public\\index.php')
CRITICAL - 2025-07-08 13:51:34 --> Error: Class "Codeigniter\Model" not found
[Method: GET, Route: profile]
in APPPATH\Models\ProfileModel.php on line 5.
 1 VENDORPATH\composer\ClassLoader.php(576): include()
 2 VENDORPATH\composer\ClassLoader.php(427): Composer\Autoload\{closure}('D:\\coding\\web_profil\\vendor\\composer/../../app\\Models\\ProfileModel.php')
 3 APPPATH\Controllers\Profile.php(12): Composer\Autoload\ClassLoader->loadClass('App\\Models\\ProfileModel')
 4 SYSTEMPATH\CodeIgniter.php(903): App\Controllers\Profile->__construct()
 5 SYSTEMPATH\CodeIgniter.php(498): CodeIgniter\CodeIgniter->createController()
 6 SYSTEMPATH\CodeIgniter.php(354): CodeIgniter\CodeIgniter->handleRequest(null, Object(Config\Cache), false)
 7 SYSTEMPATH\Boot.php(334): CodeIgniter\CodeIgniter->run()
 8 SYSTEMPATH\Boot.php(67): CodeIgniter\Boot::runCodeIgniter(Object(CodeIgniter\CodeIgniter))
 9 FCPATH\index.php(59): CodeIgniter\Boot::bootWeb(Object(Config\Paths))
10 SYSTEMPATH\rewrite.php(44): require_once('D:\\coding\\web_profil\\public\\index.php')
CRITICAL - 2025-07-08 13:56:49 --> Error: Class "Codeigniter\Model" not found
[Method: GET, Route: profile]
in APPPATH\Models\ProfileModel.php on line 5.
 1 VENDORPATH\composer\ClassLoader.php(576): include()
 2 VENDORPATH\composer\ClassLoader.php(427): Composer\Autoload\{closure}('D:\\coding\\web_profil\\vendor\\composer/../../app\\Models\\ProfileModel.php')
 3 APPPATH\Controllers\Profile.php(12): Composer\Autoload\ClassLoader->loadClass('App\\Models\\ProfileModel')
 4 SYSTEMPATH\CodeIgniter.php(903): App\Controllers\Profile->__construct()
 5 SYSTEMPATH\CodeIgniter.php(498): CodeIgniter\CodeIgniter->createController()
 6 SYSTEMPATH\CodeIgniter.php(354): CodeIgniter\CodeIgniter->handleRequest(null, Object(Config\Cache), false)
 7 SYSTEMPATH\Boot.php(334): CodeIgniter\CodeIgniter->run()
 8 SYSTEMPATH\Boot.php(67): CodeIgniter\Boot::runCodeIgniter(Object(CodeIgniter\CodeIgniter))
 9 FCPATH\index.php(59): CodeIgniter\Boot::bootWeb(Object(Config\Paths))
10 SYSTEMPATH\rewrite.php(44): require_once('D:\\coding\\web_profil\\public\\index.php')
CRITICAL - 2025-07-08 13:56:49 --> Error: Class "Codeigniter\Model" not found
[Method: GET, Route: profile]
in APPPATH\Models\ProfileModel.php on line 5.
 1 VENDORPATH\composer\ClassLoader.php(576): include()
 2 VENDORPATH\composer\ClassLoader.php(427): Composer\Autoload\{closure}('D:\\coding\\web_profil\\vendor\\composer/../../app\\Models\\ProfileModel.php')
 3 APPPATH\Controllers\Profile.php(12): Composer\Autoload\ClassLoader->loadClass('App\\Models\\ProfileModel')
 4 SYSTEMPATH\CodeIgniter.php(903): App\Controllers\Profile->__construct()
 5 SYSTEMPATH\CodeIgniter.php(498): CodeIgniter\CodeIgniter->createController()
 6 SYSTEMPATH\CodeIgniter.php(354): CodeIgniter\CodeIgniter->handleRequest(null, Object(Config\Cache), false)
 7 SYSTEMPATH\Boot.php(334): CodeIgniter\CodeIgniter->run()
 8 SYSTEMPATH\Boot.php(67): CodeIgniter\Boot::runCodeIgniter(Object(CodeIgniter\CodeIgniter))
 9 FCPATH\index.php(59): CodeIgniter\Boot::bootWeb(Object(Config\Paths))
10 SYSTEMPATH\rewrite.php(44): require_once('D:\\coding\\web_profil\\public\\index.php')
CRITICAL - 2025-07-08 13:56:58 --> Error: Class "Codeigniter\Model" not found
[Method: GET, Route: profile]
in APPPATH\Models\ProfileModel.php on line 5.
 1 VENDORPATH\composer\ClassLoader.php(576): include()
 2 VENDORPATH\composer\ClassLoader.php(427): Composer\Autoload\{closure}('D:\\coding\\web_profil\\vendor\\composer/../../app\\Models\\ProfileModel.php')
 3 APPPATH\Controllers\Profile.php(12): Composer\Autoload\ClassLoader->loadClass('App\\Models\\ProfileModel')
 4 SYSTEMPATH\CodeIgniter.php(903): App\Controllers\Profile->__construct()
 5 SYSTEMPATH\CodeIgniter.php(498): CodeIgniter\CodeIgniter->createController()
 6 SYSTEMPATH\CodeIgniter.php(354): CodeIgniter\CodeIgniter->handleRequest(null, Object(Config\Cache), false)
 7 SYSTEMPATH\Boot.php(334): CodeIgniter\CodeIgniter->run()
 8 SYSTEMPATH\Boot.php(67): CodeIgniter\Boot::runCodeIgniter(Object(CodeIgniter\CodeIgniter))
 9 FCPATH\index.php(59): CodeIgniter\Boot::bootWeb(Object(Config\Paths))
10 SYSTEMPATH\rewrite.php(44): require_once('D:\\coding\\web_profil\\public\\index.php')
CRITICAL - 2025-07-08 13:57:52 --> Error: Class "Codeigniter\Model" not found
[Method: GET, Route: profile]
in APPPATH\Models\ProfileModel.php on line 5.
 1 VENDORPATH\composer\ClassLoader.php(576): include()
 2 VENDORPATH\composer\ClassLoader.php(427): Composer\Autoload\{closure}('D:\\coding\\web_profil\\vendor\\composer/../../app\\Models\\ProfileModel.php')
 3 APPPATH\Controllers\Profile.php(12): Composer\Autoload\ClassLoader->loadClass('App\\Models\\ProfileModel')
 4 SYSTEMPATH\CodeIgniter.php(903): App\Controllers\Profile->__construct()
 5 SYSTEMPATH\CodeIgniter.php(498): CodeIgniter\CodeIgniter->createController()
 6 SYSTEMPATH\CodeIgniter.php(354): CodeIgniter\CodeIgniter->handleRequest(null, Object(Config\Cache), false)
 7 SYSTEMPATH\Boot.php(334): CodeIgniter\CodeIgniter->run()
 8 SYSTEMPATH\Boot.php(67): CodeIgniter\Boot::runCodeIgniter(Object(CodeIgniter\CodeIgniter))
 9 FCPATH\index.php(59): CodeIgniter\Boot::bootWeb(Object(Config\Paths))
10 SYSTEMPATH\rewrite.php(44): require_once('D:\\coding\\web_profil\\public\\index.php')
CRITICAL - 2025-07-08 13:57:54 --> Error: Class "Codeigniter\Model" not found
[Method: GET, Route: profile]
in APPPATH\Models\ProfileModel.php on line 5.
 1 VENDORPATH\composer\ClassLoader.php(576): include()
 2 VENDORPATH\composer\ClassLoader.php(427): Composer\Autoload\{closure}('D:\\coding\\web_profil\\vendor\\composer/../../app\\Models\\ProfileModel.php')
 3 APPPATH\Controllers\Profile.php(12): Composer\Autoload\ClassLoader->loadClass('App\\Models\\ProfileModel')
 4 SYSTEMPATH\CodeIgniter.php(903): App\Controllers\Profile->__construct()
 5 SYSTEMPATH\CodeIgniter.php(498): CodeIgniter\CodeIgniter->createController()
 6 SYSTEMPATH\CodeIgniter.php(354): CodeIgniter\CodeIgniter->handleRequest(null, Object(Config\Cache), false)
 7 SYSTEMPATH\Boot.php(334): CodeIgniter\CodeIgniter->run()
 8 SYSTEMPATH\Boot.php(67): CodeIgniter\Boot::runCodeIgniter(Object(CodeIgniter\CodeIgniter))
 9 FCPATH\index.php(59): CodeIgniter\Boot::bootWeb(Object(Config\Paths))
10 SYSTEMPATH\rewrite.php(44): require_once('D:\\coding\\web_profil\\public\\index.php')
CRITICAL - 2025-07-08 13:57:54 --> Error: Class "Codeigniter\Model" not found
[Method: GET, Route: profile]
in APPPATH\Models\ProfileModel.php on line 5.
 1 VENDORPATH\composer\ClassLoader.php(576): include()
 2 VENDORPATH\composer\ClassLoader.php(427): Composer\Autoload\{closure}('D:\\coding\\web_profil\\vendor\\composer/../../app\\Models\\ProfileModel.php')
 3 APPPATH\Controllers\Profile.php(12): Composer\Autoload\ClassLoader->loadClass('App\\Models\\ProfileModel')
 4 SYSTEMPATH\CodeIgniter.php(903): App\Controllers\Profile->__construct()
 5 SYSTEMPATH\CodeIgniter.php(498): CodeIgniter\CodeIgniter->createController()
 6 SYSTEMPATH\CodeIgniter.php(354): CodeIgniter\CodeIgniter->handleRequest(null, Object(Config\Cache), false)
 7 SYSTEMPATH\Boot.php(334): CodeIgniter\CodeIgniter->run()
 8 SYSTEMPATH\Boot.php(67): CodeIgniter\Boot::runCodeIgniter(Object(CodeIgniter\CodeIgniter))
 9 FCPATH\index.php(59): CodeIgniter\Boot::bootWeb(Object(Config\Paths))
10 SYSTEMPATH\rewrite.php(44): require_once('D:\\coding\\web_profil\\public\\index.php')
CRITICAL - 2025-07-08 13:57:54 --> Error: Class "Codeigniter\Model" not found
[Method: GET, Route: profile]
in APPPATH\Models\ProfileModel.php on line 5.
 1 VENDORPATH\composer\ClassLoader.php(576): include()
 2 VENDORPATH\composer\ClassLoader.php(427): Composer\Autoload\{closure}('D:\\coding\\web_profil\\vendor\\composer/../../app\\Models\\ProfileModel.php')
 3 APPPATH\Controllers\Profile.php(12): Composer\Autoload\ClassLoader->loadClass('App\\Models\\ProfileModel')
 4 SYSTEMPATH\CodeIgniter.php(903): App\Controllers\Profile->__construct()
 5 SYSTEMPATH\CodeIgniter.php(498): CodeIgniter\CodeIgniter->createController()
 6 SYSTEMPATH\CodeIgniter.php(354): CodeIgniter\CodeIgniter->handleRequest(null, Object(Config\Cache), false)
 7 SYSTEMPATH\Boot.php(334): CodeIgniter\CodeIgniter->run()
 8 SYSTEMPATH\Boot.php(67): CodeIgniter\Boot::runCodeIgniter(Object(CodeIgniter\CodeIgniter))
 9 FCPATH\index.php(59): CodeIgniter\Boot::bootWeb(Object(Config\Paths))
10 SYSTEMPATH\rewrite.php(44): require_once('D:\\coding\\web_profil\\public\\index.php')
CRITICAL - 2025-07-08 13:57:54 --> Error: Class "Codeigniter\Model" not found
[Method: GET, Route: profile]
in APPPATH\Models\ProfileModel.php on line 5.
 1 VENDORPATH\composer\ClassLoader.php(576): include()
 2 VENDORPATH\composer\ClassLoader.php(427): Composer\Autoload\{closure}('D:\\coding\\web_profil\\vendor\\composer/../../app\\Models\\ProfileModel.php')
 3 APPPATH\Controllers\Profile.php(12): Composer\Autoload\ClassLoader->loadClass('App\\Models\\ProfileModel')
 4 SYSTEMPATH\CodeIgniter.php(903): App\Controllers\Profile->__construct()
 5 SYSTEMPATH\CodeIgniter.php(498): CodeIgniter\CodeIgniter->createController()
 6 SYSTEMPATH\CodeIgniter.php(354): CodeIgniter\CodeIgniter->handleRequest(null, Object(Config\Cache), false)
 7 SYSTEMPATH\Boot.php(334): CodeIgniter\CodeIgniter->run()
 8 SYSTEMPATH\Boot.php(67): CodeIgniter\Boot::runCodeIgniter(Object(CodeIgniter\CodeIgniter))
 9 FCPATH\index.php(59): CodeIgniter\Boot::bootWeb(Object(Config\Paths))
10 SYSTEMPATH\rewrite.php(44): require_once('D:\\coding\\web_profil\\public\\index.php')
CRITICAL - 2025-07-08 13:57:54 --> Error: Class "Codeigniter\Model" not found
[Method: GET, Route: profile]
in APPPATH\Models\ProfileModel.php on line 5.
 1 VENDORPATH\composer\ClassLoader.php(576): include()
 2 VENDORPATH\composer\ClassLoader.php(427): Composer\Autoload\{closure}('D:\\coding\\web_profil\\vendor\\composer/../../app\\Models\\ProfileModel.php')
 3 APPPATH\Controllers\Profile.php(12): Composer\Autoload\ClassLoader->loadClass('App\\Models\\ProfileModel')
 4 SYSTEMPATH\CodeIgniter.php(903): App\Controllers\Profile->__construct()
 5 SYSTEMPATH\CodeIgniter.php(498): CodeIgniter\CodeIgniter->createController()
 6 SYSTEMPATH\CodeIgniter.php(354): CodeIgniter\CodeIgniter->handleRequest(null, Object(Config\Cache), false)
 7 SYSTEMPATH\Boot.php(334): CodeIgniter\CodeIgniter->run()
 8 SYSTEMPATH\Boot.php(67): CodeIgniter\Boot::runCodeIgniter(Object(CodeIgniter\CodeIgniter))
 9 FCPATH\index.php(59): CodeIgniter\Boot::bootWeb(Object(Config\Paths))
10 SYSTEMPATH\rewrite.php(44): require_once('D:\\coding\\web_profil\\public\\index.php')
CRITICAL - 2025-07-08 13:57:55 --> Error: Class "Codeigniter\Model" not found
[Method: GET, Route: profile]
in APPPATH\Models\ProfileModel.php on line 5.
 1 VENDORPATH\composer\ClassLoader.php(576): include()
 2 VENDORPATH\composer\ClassLoader.php(427): Composer\Autoload\{closure}('D:\\coding\\web_profil\\vendor\\composer/../../app\\Models\\ProfileModel.php')
 3 APPPATH\Controllers\Profile.php(12): Composer\Autoload\ClassLoader->loadClass('App\\Models\\ProfileModel')
 4 SYSTEMPATH\CodeIgniter.php(903): App\Controllers\Profile->__construct()
 5 SYSTEMPATH\CodeIgniter.php(498): CodeIgniter\CodeIgniter->createController()
 6 SYSTEMPATH\CodeIgniter.php(354): CodeIgniter\CodeIgniter->handleRequest(null, Object(Config\Cache), false)
 7 SYSTEMPATH\Boot.php(334): CodeIgniter\CodeIgniter->run()
 8 SYSTEMPATH\Boot.php(67): CodeIgniter\Boot::runCodeIgniter(Object(CodeIgniter\CodeIgniter))
 9 FCPATH\index.php(59): CodeIgniter\Boot::bootWeb(Object(Config\Paths))
10 SYSTEMPATH\rewrite.php(44): require_once('D:\\coding\\web_profil\\public\\index.php')
CRITICAL - 2025-07-08 13:57:55 --> Error: Class "Codeigniter\Model" not found
[Method: GET, Route: profile]
in APPPATH\Models\ProfileModel.php on line 5.
 1 VENDORPATH\composer\ClassLoader.php(576): include()
 2 VENDORPATH\composer\ClassLoader.php(427): Composer\Autoload\{closure}('D:\\coding\\web_profil\\vendor\\composer/../../app\\Models\\ProfileModel.php')
 3 APPPATH\Controllers\Profile.php(12): Composer\Autoload\ClassLoader->loadClass('App\\Models\\ProfileModel')
 4 SYSTEMPATH\CodeIgniter.php(903): App\Controllers\Profile->__construct()
 5 SYSTEMPATH\CodeIgniter.php(498): CodeIgniter\CodeIgniter->createController()
 6 SYSTEMPATH\CodeIgniter.php(354): CodeIgniter\CodeIgniter->handleRequest(null, Object(Config\Cache), false)
 7 SYSTEMPATH\Boot.php(334): CodeIgniter\CodeIgniter->run()
 8 SYSTEMPATH\Boot.php(67): CodeIgniter\Boot::runCodeIgniter(Object(CodeIgniter\CodeIgniter))
 9 FCPATH\index.php(59): CodeIgniter\Boot::bootWeb(Object(Config\Paths))
10 SYSTEMPATH\rewrite.php(44): require_once('D:\\coding\\web_profil\\public\\index.php')
CRITICAL - 2025-07-08 13:57:55 --> Error: Class "Codeigniter\Model" not found
[Method: GET, Route: profile]
in APPPATH\Models\ProfileModel.php on line 5.
 1 VENDORPATH\composer\ClassLoader.php(576): include()
 2 VENDORPATH\composer\ClassLoader.php(427): Composer\Autoload\{closure}('D:\\coding\\web_profil\\vendor\\composer/../../app\\Models\\ProfileModel.php')
 3 APPPATH\Controllers\Profile.php(12): Composer\Autoload\ClassLoader->loadClass('App\\Models\\ProfileModel')
 4 SYSTEMPATH\CodeIgniter.php(903): App\Controllers\Profile->__construct()
 5 SYSTEMPATH\CodeIgniter.php(498): CodeIgniter\CodeIgniter->createController()
 6 SYSTEMPATH\CodeIgniter.php(354): CodeIgniter\CodeIgniter->handleRequest(null, Object(Config\Cache), false)
 7 SYSTEMPATH\Boot.php(334): CodeIgniter\CodeIgniter->run()
 8 SYSTEMPATH\Boot.php(67): CodeIgniter\Boot::runCodeIgniter(Object(CodeIgniter\CodeIgniter))
 9 FCPATH\index.php(59): CodeIgniter\Boot::bootWeb(Object(Config\Paths))
10 SYSTEMPATH\rewrite.php(44): require_once('D:\\coding\\web_profil\\public\\index.php')
CRITICAL - 2025-07-08 13:57:56 --> Error: Class "Codeigniter\Model" not found
[Method: GET, Route: profile]
in APPPATH\Models\ProfileModel.php on line 5.
 1 VENDORPATH\composer\ClassLoader.php(576): include()
 2 VENDORPATH\composer\ClassLoader.php(427): Composer\Autoload\{closure}('D:\\coding\\web_profil\\vendor\\composer/../../app\\Models\\ProfileModel.php')
 3 APPPATH\Controllers\Profile.php(12): Composer\Autoload\ClassLoader->loadClass('App\\Models\\ProfileModel')
 4 SYSTEMPATH\CodeIgniter.php(903): App\Controllers\Profile->__construct()
 5 SYSTEMPATH\CodeIgniter.php(498): CodeIgniter\CodeIgniter->createController()
 6 SYSTEMPATH\CodeIgniter.php(354): CodeIgniter\CodeIgniter->handleRequest(null, Object(Config\Cache), false)
 7 SYSTEMPATH\Boot.php(334): CodeIgniter\CodeIgniter->run()
 8 SYSTEMPATH\Boot.php(67): CodeIgniter\Boot::runCodeIgniter(Object(CodeIgniter\CodeIgniter))
 9 FCPATH\index.php(59): CodeIgniter\Boot::bootWeb(Object(Config\Paths))
10 SYSTEMPATH\rewrite.php(44): require_once('D:\\coding\\web_profil\\public\\index.php')
CRITICAL - 2025-07-08 13:57:56 --> Error: Class "Codeigniter\Model" not found
[Method: GET, Route: profile]
in APPPATH\Models\ProfileModel.php on line 5.
 1 VENDORPATH\composer\ClassLoader.php(576): include()
 2 VENDORPATH\composer\ClassLoader.php(427): Composer\Autoload\{closure}('D:\\coding\\web_profil\\vendor\\composer/../../app\\Models\\ProfileModel.php')
 3 APPPATH\Controllers\Profile.php(12): Composer\Autoload\ClassLoader->loadClass('App\\Models\\ProfileModel')
 4 SYSTEMPATH\CodeIgniter.php(903): App\Controllers\Profile->__construct()
 5 SYSTEMPATH\CodeIgniter.php(498): CodeIgniter\CodeIgniter->createController()
 6 SYSTEMPATH\CodeIgniter.php(354): CodeIgniter\CodeIgniter->handleRequest(null, Object(Config\Cache), false)
 7 SYSTEMPATH\Boot.php(334): CodeIgniter\CodeIgniter->run()
 8 SYSTEMPATH\Boot.php(67): CodeIgniter\Boot::runCodeIgniter(Object(CodeIgniter\CodeIgniter))
 9 FCPATH\index.php(59): CodeIgniter\Boot::bootWeb(Object(Config\Paths))
10 SYSTEMPATH\rewrite.php(44): require_once('D:\\coding\\web_profil\\public\\index.php')
CRITICAL - 2025-07-08 13:57:56 --> Error: Class "Codeigniter\Model" not found
[Method: GET, Route: profile]
in APPPATH\Models\ProfileModel.php on line 5.
 1 VENDORPATH\composer\ClassLoader.php(576): include()
 2 VENDORPATH\composer\ClassLoader.php(427): Composer\Autoload\{closure}('D:\\coding\\web_profil\\vendor\\composer/../../app\\Models\\ProfileModel.php')
 3 APPPATH\Controllers\Profile.php(12): Composer\Autoload\ClassLoader->loadClass('App\\Models\\ProfileModel')
 4 SYSTEMPATH\CodeIgniter.php(903): App\Controllers\Profile->__construct()
 5 SYSTEMPATH\CodeIgniter.php(498): CodeIgniter\CodeIgniter->createController()
 6 SYSTEMPATH\CodeIgniter.php(354): CodeIgniter\CodeIgniter->handleRequest(null, Object(Config\Cache), false)
 7 SYSTEMPATH\Boot.php(334): CodeIgniter\CodeIgniter->run()
 8 SYSTEMPATH\Boot.php(67): CodeIgniter\Boot::runCodeIgniter(Object(CodeIgniter\CodeIgniter))
 9 FCPATH\index.php(59): CodeIgniter\Boot::bootWeb(Object(Config\Paths))
10 SYSTEMPATH\rewrite.php(44): require_once('D:\\coding\\web_profil\\public\\index.php')
CRITICAL - 2025-07-08 13:57:56 --> Error: Class "Codeigniter\Model" not found
[Method: GET, Route: profile]
in APPPATH\Models\ProfileModel.php on line 5.
 1 VENDORPATH\composer\ClassLoader.php(576): include()
 2 VENDORPATH\composer\ClassLoader.php(427): Composer\Autoload\{closure}('D:\\coding\\web_profil\\vendor\\composer/../../app\\Models\\ProfileModel.php')
 3 APPPATH\Controllers\Profile.php(12): Composer\Autoload\ClassLoader->loadClass('App\\Models\\ProfileModel')
 4 SYSTEMPATH\CodeIgniter.php(903): App\Controllers\Profile->__construct()
 5 SYSTEMPATH\CodeIgniter.php(498): CodeIgniter\CodeIgniter->createController()
 6 SYSTEMPATH\CodeIgniter.php(354): CodeIgniter\CodeIgniter->handleRequest(null, Object(Config\Cache), false)
 7 SYSTEMPATH\Boot.php(334): CodeIgniter\CodeIgniter->run()
 8 SYSTEMPATH\Boot.php(67): CodeIgniter\Boot::runCodeIgniter(Object(CodeIgniter\CodeIgniter))
 9 FCPATH\index.php(59): CodeIgniter\Boot::bootWeb(Object(Config\Paths))
10 SYSTEMPATH\rewrite.php(44): require_once('D:\\coding\\web_profil\\public\\index.php')
CRITICAL - 2025-07-08 13:57:57 --> Error: Class "Codeigniter\Model" not found
[Method: GET, Route: profile]
in APPPATH\Models\ProfileModel.php on line 5.
 1 VENDORPATH\composer\ClassLoader.php(576): include()
 2 VENDORPATH\composer\ClassLoader.php(427): Composer\Autoload\{closure}('D:\\coding\\web_profil\\vendor\\composer/../../app\\Models\\ProfileModel.php')
 3 APPPATH\Controllers\Profile.php(12): Composer\Autoload\ClassLoader->loadClass('App\\Models\\ProfileModel')
 4 SYSTEMPATH\CodeIgniter.php(903): App\Controllers\Profile->__construct()
 5 SYSTEMPATH\CodeIgniter.php(498): CodeIgniter\CodeIgniter->createController()
 6 SYSTEMPATH\CodeIgniter.php(354): CodeIgniter\CodeIgniter->handleRequest(null, Object(Config\Cache), false)
 7 SYSTEMPATH\Boot.php(334): CodeIgniter\CodeIgniter->run()
 8 SYSTEMPATH\Boot.php(67): CodeIgniter\Boot::runCodeIgniter(Object(CodeIgniter\CodeIgniter))
 9 FCPATH\index.php(59): CodeIgniter\Boot::bootWeb(Object(Config\Paths))
10 SYSTEMPATH\rewrite.php(44): require_once('D:\\coding\\web_profil\\public\\index.php')
CRITICAL - 2025-07-08 13:59:26 --> Error: Class "Codeigniter\Model" not found
[Method: GET, Route: profile]
in APPPATH\Models\ProfileModel.php on line 5.
 1 VENDORPATH\composer\ClassLoader.php(576): include()
 2 VENDORPATH\composer\ClassLoader.php(427): Composer\Autoload\{closure}('D:\\coding\\web_profil\\vendor\\composer/../../app\\Models\\ProfileModel.php')
 3 APPPATH\Controllers\Profile.php(12): Composer\Autoload\ClassLoader->loadClass('App\\Models\\ProfileModel')
 4 SYSTEMPATH\CodeIgniter.php(903): App\Controllers\Profile->__construct()
 5 SYSTEMPATH\CodeIgniter.php(498): CodeIgniter\CodeIgniter->createController()
 6 SYSTEMPATH\CodeIgniter.php(354): CodeIgniter\CodeIgniter->handleRequest(null, Object(Config\Cache), false)
 7 SYSTEMPATH\Boot.php(334): CodeIgniter\CodeIgniter->run()
 8 SYSTEMPATH\Boot.php(67): CodeIgniter\Boot::runCodeIgniter(Object(CodeIgniter\CodeIgniter))
 9 FCPATH\index.php(59): CodeIgniter\Boot::bootWeb(Object(Config\Paths))
10 SYSTEMPATH\rewrite.php(44): require_once('D:\\coding\\web_profil\\public\\index.php')
CRITICAL - 2025-07-08 13:59:27 --> Error: Class "Codeigniter\Model" not found
[Method: GET, Route: profile]
in APPPATH\Models\ProfileModel.php on line 5.
 1 VENDORPATH\composer\ClassLoader.php(576): include()
 2 VENDORPATH\composer\ClassLoader.php(427): Composer\Autoload\{closure}('D:\\coding\\web_profil\\vendor\\composer/../../app\\Models\\ProfileModel.php')
 3 APPPATH\Controllers\Profile.php(12): Composer\Autoload\ClassLoader->loadClass('App\\Models\\ProfileModel')
 4 SYSTEMPATH\CodeIgniter.php(903): App\Controllers\Profile->__construct()
 5 SYSTEMPATH\CodeIgniter.php(498): CodeIgniter\CodeIgniter->createController()
 6 SYSTEMPATH\CodeIgniter.php(354): CodeIgniter\CodeIgniter->handleRequest(null, Object(Config\Cache), false)
 7 SYSTEMPATH\Boot.php(334): CodeIgniter\CodeIgniter->run()
 8 SYSTEMPATH\Boot.php(67): CodeIgniter\Boot::runCodeIgniter(Object(CodeIgniter\CodeIgniter))
 9 FCPATH\index.php(59): CodeIgniter\Boot::bootWeb(Object(Config\Paths))
10 SYSTEMPATH\rewrite.php(44): require_once('D:\\coding\\web_profil\\public\\index.php')
CRITICAL - 2025-07-08 13:59:27 --> Error: Class "Codeigniter\Model" not found
[Method: GET, Route: profile]
in APPPATH\Models\ProfileModel.php on line 5.
 1 VENDORPATH\composer\ClassLoader.php(576): include()
 2 VENDORPATH\composer\ClassLoader.php(427): Composer\Autoload\{closure}('D:\\coding\\web_profil\\vendor\\composer/../../app\\Models\\ProfileModel.php')
 3 APPPATH\Controllers\Profile.php(12): Composer\Autoload\ClassLoader->loadClass('App\\Models\\ProfileModel')
 4 SYSTEMPATH\CodeIgniter.php(903): App\Controllers\Profile->__construct()
 5 SYSTEMPATH\CodeIgniter.php(498): CodeIgniter\CodeIgniter->createController()
 6 SYSTEMPATH\CodeIgniter.php(354): CodeIgniter\CodeIgniter->handleRequest(null, Object(Config\Cache), false)
 7 SYSTEMPATH\Boot.php(334): CodeIgniter\CodeIgniter->run()
 8 SYSTEMPATH\Boot.php(67): CodeIgniter\Boot::runCodeIgniter(Object(CodeIgniter\CodeIgniter))
 9 FCPATH\index.php(59): CodeIgniter\Boot::bootWeb(Object(Config\Paths))
10 SYSTEMPATH\rewrite.php(44): require_once('D:\\coding\\web_profil\\public\\index.php')
CRITICAL - 2025-07-08 13:59:27 --> Error: Class "Codeigniter\Model" not found
[Method: GET, Route: profile]
in APPPATH\Models\ProfileModel.php on line 5.
 1 VENDORPATH\composer\ClassLoader.php(576): include()
 2 VENDORPATH\composer\ClassLoader.php(427): Composer\Autoload\{closure}('D:\\coding\\web_profil\\vendor\\composer/../../app\\Models\\ProfileModel.php')
 3 APPPATH\Controllers\Profile.php(12): Composer\Autoload\ClassLoader->loadClass('App\\Models\\ProfileModel')
 4 SYSTEMPATH\CodeIgniter.php(903): App\Controllers\Profile->__construct()
 5 SYSTEMPATH\CodeIgniter.php(498): CodeIgniter\CodeIgniter->createController()
 6 SYSTEMPATH\CodeIgniter.php(354): CodeIgniter\CodeIgniter->handleRequest(null, Object(Config\Cache), false)
 7 SYSTEMPATH\Boot.php(334): CodeIgniter\CodeIgniter->run()
 8 SYSTEMPATH\Boot.php(67): CodeIgniter\Boot::runCodeIgniter(Object(CodeIgniter\CodeIgniter))
 9 FCPATH\index.php(59): CodeIgniter\Boot::bootWeb(Object(Config\Paths))
10 SYSTEMPATH\rewrite.php(44): require_once('D:\\coding\\web_profil\\public\\index.php')
CRITICAL - 2025-07-08 13:59:53 --> Error: Class "Codeigniter\Model" not found
[Method: GET, Route: profile]
in APPPATH\Models\ProfileModel.php on line 5.
 1 VENDORPATH\composer\ClassLoader.php(576): include()
 2 VENDORPATH\composer\ClassLoader.php(427): Composer\Autoload\{closure}('D:\\coding\\web_profil\\vendor\\composer/../../app\\Models\\ProfileModel.php')
 3 APPPATH\Controllers\Profile.php(12): Composer\Autoload\ClassLoader->loadClass('App\\Models\\ProfileModel')
 4 SYSTEMPATH\CodeIgniter.php(903): App\Controllers\Profile->__construct()
 5 SYSTEMPATH\CodeIgniter.php(498): CodeIgniter\CodeIgniter->createController()
 6 SYSTEMPATH\CodeIgniter.php(354): CodeIgniter\CodeIgniter->handleRequest(null, Object(Config\Cache), false)
 7 SYSTEMPATH\Boot.php(334): CodeIgniter\CodeIgniter->run()
 8 SYSTEMPATH\Boot.php(67): CodeIgniter\Boot::runCodeIgniter(Object(CodeIgniter\CodeIgniter))
 9 FCPATH\index.php(59): CodeIgniter\Boot::bootWeb(Object(Config\Paths))
10 SYSTEMPATH\rewrite.php(44): require_once('D:\\coding\\web_profil\\public\\index.php')
CRITICAL - 2025-07-08 14:02:40 --> Error: Class "Codeigniter\Model" not found
[Method: GET, Route: profile]
in APPPATH\Models\ProfileModel.php on line 5.
 1 VENDORPATH\composer\ClassLoader.php(576): include()
 2 VENDORPATH\composer\ClassLoader.php(427): Composer\Autoload\{closure}('D:\\coding\\web_profil\\vendor\\composer/../../app\\Models\\ProfileModel.php')
 3 APPPATH\Controllers\Profile.php(12): Composer\Autoload\ClassLoader->loadClass('App\\Models\\ProfileModel')
 4 SYSTEMPATH\CodeIgniter.php(903): App\Controllers\Profile->__construct()
 5 SYSTEMPATH\CodeIgniter.php(498): CodeIgniter\CodeIgniter->createController()
 6 SYSTEMPATH\CodeIgniter.php(354): CodeIgniter\CodeIgniter->handleRequest(null, Object(Config\Cache), false)
 7 SYSTEMPATH\Boot.php(334): CodeIgniter\CodeIgniter->run()
 8 SYSTEMPATH\Boot.php(67): CodeIgniter\Boot::runCodeIgniter(Object(CodeIgniter\CodeIgniter))
 9 FCPATH\index.php(59): CodeIgniter\Boot::bootWeb(Object(Config\Paths))
10 SYSTEMPATH\rewrite.php(44): require_once('D:\\coding\\web_profil\\public\\index.php')
CRITICAL - 2025-07-08 14:15:51 --> CodeIgniter\View\Exceptions\ViewException: Invalid file: "layout/template.php"
[Method: GET, Route: profile]
in SYSTEMPATH\Exceptions\FrameworkException.php on line 39.
 1 SYSTEMPATH\View\View.php(212): CodeIgniter\Exceptions\FrameworkException::forInvalidFile('layout/template.php')
 2 SYSTEMPATH\View\View.php(240): CodeIgniter\View\View->render('layout/template', [], true)
 3 SYSTEMPATH\Common.php(1173): CodeIgniter\View\View->render('profile/index', [], true)
 4 APPPATH\Controllers\Profile.php(18): view('profile/index', [...])
 5 SYSTEMPATH\CodeIgniter.php(933): App\Controllers\Profile->index()
 6 SYSTEMPATH\CodeIgniter.php(507): CodeIgniter\CodeIgniter->runController(Object(App\Controllers\Profile))
 7 SYSTEMPATH\CodeIgniter.php(354): CodeIgniter\CodeIgniter->handleRequest(null, Object(Config\Cache), false)
 8 SYSTEMPATH\Boot.php(334): CodeIgniter\CodeIgniter->run()
 9 SYSTEMPATH\Boot.php(67): CodeIgniter\Boot::runCodeIgniter(Object(CodeIgniter\CodeIgniter))
10 FCPATH\index.php(59): CodeIgniter\Boot::bootWeb(Object(Config\Paths))
11 SYSTEMPATH\rewrite.php(44): require_once('D:\\coding\\web_profil\\public\\index.php')
CRITICAL - 2025-07-08 14:45:32 --> ErrorException: Cannot redeclare App\Controllers\Profile::__construct()
[Method: GET, Route: profile]
in APPPATH\Controllers\Profile.php on line 18.
 1 [internal function]: CodeIgniter\Debug\Exceptions->shutdownHandler()
DEBUG - 2025-07-08 14:48:30 --> Session: Class initialized using 'CodeIgniter\Session\Handlers\FileHandler' driver.
CRITICAL - 2025-07-08 14:50:50 --> CodeIgniter\View\Exceptions\ViewException: Invalid file: "login.php"
[Method: GET, Route: login]
in SYSTEMPATH\Exceptions\FrameworkException.php on line 39.
 1 SYSTEMPATH\View\View.php(212): CodeIgniter\Exceptions\FrameworkException::forInvalidFile('login.php')
 2 SYSTEMPATH\Common.php(1173): CodeIgniter\View\View->render('login', [], true)
 3 APPPATH\Controllers\login.php(10): view('login', [...])
 4 SYSTEMPATH\CodeIgniter.php(933): App\Controllers\Login->index()
 5 SYSTEMPATH\CodeIgniter.php(507): CodeIgniter\CodeIgniter->runController(Object(App\Controllers\Login))
 6 SYSTEMPATH\CodeIgniter.php(354): CodeIgniter\CodeIgniter->handleRequest(null, Object(Config\Cache), false)
 7 SYSTEMPATH\Boot.php(334): CodeIgniter\CodeIgniter->run()
 8 SYSTEMPATH\Boot.php(67): CodeIgniter\Boot::runCodeIgniter(Object(CodeIgniter\CodeIgniter))
 9 FCPATH\index.php(59): CodeIgniter\Boot::bootWeb(Object(Config\Paths))
10 SYSTEMPATH\rewrite.php(44): require_once('D:\\coding\\web_profil\\public\\index.php')
DEBUG - 2025-07-08 14:53:24 --> Session: Class initialized using 'CodeIgniter\Session\Handlers\FileHandler' driver.
DEBUG - 2025-07-08 14:53:33 --> Session: Class initialized using 'CodeIgniter\Session\Handlers\FileHandler' driver.
DEBUG - 2025-07-08 14:53:42 --> Session: Class initialized using 'CodeIgniter\Session\Handlers\FileHandler' driver.
DEBUG - 2025-07-08 14:54:03 --> Session: Class initialized using 'CodeIgniter\Session\Handlers\FileHandler' driver.
DEBUG - 2025-07-08 14:54:16 --> Session: Class initialized using 'CodeIgniter\Session\Handlers\FileHandler' driver.
DEBUG - 2025-07-08 14:54:27 --> Session: Class initialized using 'CodeIgniter\Session\Handlers\FileHandler' driver.
DEBUG - 2025-07-08 14:56:15 --> Session: Class initialized using 'CodeIgniter\Session\Handlers\FileHandler' driver.
DEBUG - 2025-07-08 15:01:44 --> Session: Class initialized using 'CodeIgniter\Session\Handlers\FileHandler' driver.
DEBUG - 2025-07-08 15:02:54 --> Session: Class initialized using 'CodeIgniter\Session\Handlers\FileHandler' driver.
DEBUG - 2025-07-08 15:06:51 --> Session: Class initialized using 'CodeIgniter\Session\Handlers\FileHandler' driver.
DEBUG - 2025-07-08 15:07:01 --> Session: Class initialized using 'CodeIgniter\Session\Handlers\FileHandler' driver.
DEBUG - 2025-07-08 15:13:18 --> Session: Class initialized using 'CodeIgniter\Session\Handlers\FileHandler' driver.
DEBUG - 2025-07-08 15:19:15 --> Session: Class initialized using 'CodeIgniter\Session\Handlers\FileHandler' driver.
DEBUG - 2025-07-08 15:23:58 --> Session: Class initialized using 'CodeIgniter\Session\Handlers\FileHandler' driver.
DEBUG - 2025-07-08 15:24:02 --> Session: Class initialized using 'CodeIgniter\Session\Handlers\FileHandler' driver.
DEBUG - 2025-07-08 15:24:07 --> Session: Class initialized using 'CodeIgniter\Session\Handlers\FileHandler' driver.
DEBUG - 2025-07-08 15:24:10 --> Session: Class initialized using 'CodeIgniter\Session\Handlers\FileHandler' driver.
DEBUG - 2025-07-08 15:24:11 --> Session: Class initialized using 'CodeIgniter\Session\Handlers\FileHandler' driver.
DEBUG - 2025-07-08 15:24:28 --> Session: Class initialized using 'CodeIgniter\Session\Handlers\FileHandler' driver.
DEBUG - 2025-07-08 15:27:01 --> Session: Class initialized using 'CodeIgniter\Session\Handlers\FileHandler' driver.
DEBUG - 2025-07-08 15:35:16 --> Session: Class initialized using 'CodeIgniter\Session\Handlers\FileHandler' driver.
DEBUG - 2025-07-08 15:35:17 --> Session: Class initialized using 'CodeIgniter\Session\Handlers\FileHandler' driver.
DEBUG - 2025-07-08 15:38:08 --> Session: Class initialized using 'CodeIgniter\Session\Handlers\FileHandler' driver.
DEBUG - 2025-07-08 15:38:22 --> Session: Class initialized using 'CodeIgniter\Session\Handlers\FileHandler' driver.
DEBUG - 2025-07-08 15:38:26 --> Session: Class initialized using 'CodeIgniter\Session\Handlers\FileHandler' driver.
DEBUG - 2025-07-08 15:38:27 --> Session: Class initialized using 'CodeIgniter\Session\Handlers\FileHandler' driver.
DEBUG - 2025-07-08 15:38:33 --> Session: Class initialized using 'CodeIgniter\Session\Handlers\FileHandler' driver.
DEBUG - 2025-07-08 15:39:41 --> Session: Class initialized using 'CodeIgniter\Session\Handlers\FileHandler' driver.
DEBUG - 2025-07-08 15:39:54 --> Session: Class initialized using 'CodeIgniter\Session\Handlers\FileHandler' driver.
DEBUG - 2025-07-08 15:39:54 --> Session: Class initialized using 'CodeIgniter\Session\Handlers\FileHandler' driver.
DEBUG - 2025-07-08 15:40:13 --> Session: Class initialized using 'CodeIgniter\Session\Handlers\FileHandler' driver.
DEBUG - 2025-07-08 15:43:43 --> Session: Class initialized using 'CodeIgniter\Session\Handlers\FileHandler' driver.
DEBUG - 2025-07-08 15:43:49 --> Session: Class initialized using 'CodeIgniter\Session\Handlers\FileHandler' driver.
DEBUG - 2025-07-08 15:43:49 --> Session: Class initialized using 'CodeIgniter\Session\Handlers\FileHandler' driver.
DEBUG - 2025-07-08 16:01:08 --> Session: Class initialized using 'CodeIgniter\Session\Handlers\FileHandler' driver.
DEBUG - 2025-07-08 16:03:48 --> Session: Class initialized using 'CodeIgniter\Session\Handlers\FileHandler' driver.
DEBUG - 2025-07-08 16:03:56 --> Session: Class initialized using 'CodeIgniter\Session\Handlers\FileHandler' driver.
DEBUG - 2025-07-08 16:03:56 --> Session: Class initialized using 'CodeIgniter\Session\Handlers\FileHandler' driver.
DEBUG - 2025-07-08 16:14:09 --> Session: Class initialized using 'CodeIgniter\Session\Handlers\FileHandler' driver.
DEBUG - 2025-07-08 16:14:14 --> Session: Class initialized using 'CodeIgniter\Session\Handlers\FileHandler' driver.
DEBUG - 2025-07-08 16:14:18 --> Session: Class initialized using 'CodeIgniter\Session\Handlers\FileHandler' driver.
DEBUG - 2025-07-08 16:14:20 --> Session: Class initialized using 'CodeIgniter\Session\Handlers\FileHandler' driver.
DEBUG - 2025-07-08 16:16:21 --> Session: Class initialized using 'CodeIgniter\Session\Handlers\FileHandler' driver.
DEBUG - 2025-07-08 16:16:44 --> Session: Class initialized using 'CodeIgniter\Session\Handlers\FileHandler' driver.
DEBUG - 2025-07-08 16:17:25 --> Session: Class initialized using 'CodeIgniter\Session\Handlers\FileHandler' driver.
DEBUG - 2025-07-08 16:17:32 --> Session: Class initialized using 'CodeIgniter\Session\Handlers\FileHandler' driver.
DEBUG - 2025-07-08 16:17:41 --> Session: Class initialized using 'CodeIgniter\Session\Handlers\FileHandler' driver.
DEBUG - 2025-07-08 16:19:37 --> Session: Class initialized using 'CodeIgniter\Session\Handlers\FileHandler' driver.
DEBUG - 2025-07-08 16:20:02 --> Session: Class initialized using 'CodeIgniter\Session\Handlers\FileHandler' driver.
DEBUG - 2025-07-08 16:20:05 --> Session: Class initialized using 'CodeIgniter\Session\Handlers\FileHandler' driver.
DEBUG - 2025-07-08 16:20:16 --> Session: Class initialized using 'CodeIgniter\Session\Handlers\FileHandler' driver.
DEBUG - 2025-07-08 16:20:23 --> Session: Class initialized using 'CodeIgniter\Session\Handlers\FileHandler' driver.
DEBUG - 2025-07-08 16:20:30 --> Session: Class initialized using 'CodeIgniter\Session\Handlers\FileHandler' driver.
DEBUG - 2025-07-08 16:20:30 --> Session: Class initialized using 'CodeIgniter\Session\Handlers\FileHandler' driver.
DEBUG - 2025-07-08 16:21:12 --> Session: Class initialized using 'CodeIgniter\Session\Handlers\FileHandler' driver.
DEBUG - 2025-07-08 16:21:58 --> Session: Class initialized using 'CodeIgniter\Session\Handlers\FileHandler' driver.
DEBUG - 2025-07-08 16:53:02 --> Session: Class initialized using 'CodeIgniter\Session\Handlers\FileHandler' driver.
DEBUG - 2025-07-08 16:53:23 --> Session: Class initialized using 'CodeIgniter\Session\Handlers\FileHandler' driver.
DEBUG - 2025-07-08 16:53:24 --> Session: Class initialized using 'CodeIgniter\Session\Handlers\FileHandler' driver.
DEBUG - 2025-07-08 16:53:37 --> Session: Class initialized using 'CodeIgniter\Session\Handlers\FileHandler' driver.
DEBUG - 2025-07-08 16:54:31 --> Session: Class initialized using 'CodeIgniter\Session\Handlers\FileHandler' driver.
DEBUG - 2025-07-08 16:54:31 --> Session: Class initialized using 'CodeIgniter\Session\Handlers\FileHandler' driver.
DEBUG - 2025-07-08 16:55:06 --> Session: Class initialized using 'CodeIgniter\Session\Handlers\FileHandler' driver.
DEBUG - 2025-07-08 16:55:19 --> Session: Class initialized using 'CodeIgniter\Session\Handlers\FileHandler' driver.
DEBUG - 2025-07-08 16:55:20 --> Session: Class initialized using 'CodeIgniter\Session\Handlers\FileHandler' driver.
DEBUG - 2025-07-08 16:55:44 --> Session: Class initialized using 'CodeIgniter\Session\Handlers\FileHandler' driver.
DEBUG - 2025-07-08 16:55:45 --> Session: Class initialized using 'CodeIgniter\Session\Handlers\FileHandler' driver.
